android/app/build/intermediates/manifest_merge_blame_file/debug/manifest-merger-blame-debug-report.txt
1<?xml version="1.0" encoding="utf-8"?>
2<manifest xmlns:android="http://schemas.android.com/apk/res/android"
3    package="com.appmedic"
4    android:versionCode="1"
5    android:versionName="1.0" >
6
7    <uses-sdk
8        android:minSdkVersion="16"
9        android:targetSdkVersion="28" />
10
11    <uses-permission android:name="android.permission.SYSTEM_ALERT_WINDOW" />
11-->src\debug\AndroidManifest.xml:5:5-77
11-->src\debug\AndroidManifest.xml:5:22-75
12    <uses-permission android:name="android.permission.INTERNET" />
12-->src\main\AndroidManifest.xml:4:3-65
12-->src\main\AndroidManifest.xml:4:20-62
13    <uses-permission android:name="android.permission.CAMERA" />
13-->src\main\AndroidManifest.xml:5:3-63
13-->src\main\AndroidManifest.xml:5:20-60
14    <uses-permission android:name="android.permission.MODIFY_AUDIO_SETTINGS" />
14-->src\main\AndroidManifest.xml:6:3-78
14-->src\main\AndroidManifest.xml:6:20-75
15    <uses-permission android:name="android.permission.RECORD_AUDIO" />
15-->src\main\AndroidManifest.xml:7:3-69
15-->src\main\AndroidManifest.xml:7:20-66
16    <uses-permission android:name="android.permission.WRITE_EXTERNAL_STORAGE" />
16-->src\main\AndroidManifest.xml:8:3-78
16-->src\main\AndroidManifest.xml:8:20-76
17    <uses-permission android:name="android.permission.ACCESS_WIFI_STATE" />
17-->src\main\AndroidManifest.xml:9:3-74
17-->src\main\AndroidManifest.xml:9:20-71
18    <uses-permission android:name="android.permission.ACCESS_NETWORK_STATE" />
18-->[:react-native-community_netinfo] AndroidManifest.xml:9:5-79
18-->[:react-native-community_netinfo] AndroidManifest.xml:9:22-76
19    <uses-permission android:name="android.permission.FOREGROUND_SERVICE" /> <!-- Required by older versions of Google Play services to create GCM registration tokens -->
19-->[:quickblox-react-native-sdk] AndroidManifest.xml:11:5-77
19-->[:quickblox-react-native-sdk] AndroidManifest.xml:11:22-74
20    <uses-permission android:name="com.google.android.c2dm.permission.RECEIVE" />
20-->[com.google.android.gms:play-services-gcm:16.0.0] AndroidManifest.xml:23:5-82
20-->[com.google.android.gms:play-services-gcm:16.0.0] AndroidManifest.xml:23:22-79
21    <uses-permission android:name="android.permission.WAKE_LOCK" />
21-->[com.google.firebase:firebase-iid:17.0.3] AndroidManifest.xml:24:5-68
21-->[com.google.firebase:firebase-iid:17.0.3] AndroidManifest.xml:24:22-65
22
23    <application
23-->src\main\AndroidManifest.xml:17:5-36:19
24        android:name="com.appmedic.MainApplication"
24-->src\main\AndroidManifest.xml:18:7-38
25        android:allowBackup="false"
25-->src\main\AndroidManifest.xml:22:7-34
26        android:appComponentFactory="androidx.core.app.CoreComponentFactory"
26-->[androidx.core:core:1.5.0-alpha01] AndroidManifest.xml:24:18-86
27        android:debuggable="true"
28        android:icon="@mipmap/ic_launcher"
28-->src\main\AndroidManifest.xml:20:7-41
29        android:label="@string/app_name"
29-->src\main\AndroidManifest.xml:19:7-39
30        android:roundIcon="@mipmap/ic_launcher_round"
30-->src\main\AndroidManifest.xml:21:7-52
31        android:theme="@style/AppTheme"
31-->src\main\AndroidManifest.xml:23:7-38
32        android:usesCleartextTraffic="true" >
32-->src\debug\AndroidManifest.xml:7:18-53
33        <activity
33-->src\main\AndroidManifest.xml:24:7-34:18
34            android:name="com.appmedic.MainActivity"
34-->src\main\AndroidManifest.xml:25:9-37
35            android:configChanges="keyboard|keyboardHidden|orientation|screenSize|uiMode"
35-->src\main\AndroidManifest.xml:27:9-86
36            android:label="@string/app_name"
36-->src\main\AndroidManifest.xml:26:9-41
37            android:launchMode="singleTask"
37-->src\main\AndroidManifest.xml:28:9-40
38            android:windowSoftInputMode="adjustResize" >
38-->src\main\AndroidManifest.xml:29:9-51
39            <intent-filter>
39-->src\main\AndroidManifest.xml:30:9-33:25
40                <action android:name="android.intent.action.MAIN" />
40-->src\main\AndroidManifest.xml:31:13-65
40-->src\main\AndroidManifest.xml:31:21-62
41
42                <category android:name="android.intent.category.LAUNCHER" />
42-->src\main\AndroidManifest.xml:32:13-73
42-->src\main\AndroidManifest.xml:32:23-70
43            </intent-filter>
44        </activity>
45        <activity android:name="com.facebook.react.devsupport.DevSettingsActivity" />
45-->src\main\AndroidManifest.xml:35:7-84
45-->src\main\AndroidManifest.xml:35:17-81
46
47        <service android:name="com.quickblox.reactnative.webrtc.WebRTCCallService" />
47-->[:quickblox-react-native-sdk] AndroidManifest.xml:14:9-86
47-->[:quickblox-react-native-sdk] AndroidManifest.xml:14:18-83
48
49        <provider
49-->[:react-native-image-picker] AndroidManifest.xml:10:9-18:20
50            android:name="com.imagepicker.FileProvider"
50-->[:react-native-image-picker] AndroidManifest.xml:11:13-56
51            android:authorities="com.appmedic.provider"
51-->[:react-native-image-picker] AndroidManifest.xml:12:13-60
52            android:exported="false"
52-->[:react-native-image-picker] AndroidManifest.xml:13:13-37
53            android:grantUriPermissions="true" >
53-->[:react-native-image-picker] AndroidManifest.xml:14:13-47
54            <meta-data
54-->[:react-native-image-picker] AndroidManifest.xml:15:13-17:58
55                android:name="android.support.FILE_PROVIDER_PATHS"
55-->[:react-native-image-picker] AndroidManifest.xml:16:17-67
56                android:resource="@xml/provider_paths" />
56-->[:react-native-image-picker] AndroidManifest.xml:17:17-55
57        </provider>
58
59        <service
59-->[com.quickblox:quickblox-android-sdk-messages:3.9.5] AndroidManifest.xml:11:9-18:19
60            android:name="com.quickblox.messages.services.SubscribeTaskManager"
60-->[com.quickblox:quickblox-android-sdk-messages:3.9.5] AndroidManifest.xml:12:13-80
61            android:exported="true"
61-->[com.quickblox:quickblox-android-sdk-messages:3.9.5] AndroidManifest.xml:13:13-36
62            android:permission="com.google.android.gms.permission.BIND_NETWORK_TASK_SERVICE" >
62-->[com.quickblox:quickblox-android-sdk-messages:3.9.5] AndroidManifest.xml:14:13-93
63            <intent-filter>
63-->[com.quickblox:quickblox-android-sdk-messages:3.9.5] AndroidManifest.xml:15:13-17:29
64                <action android:name="com.google.android.gms.gcm.ACTION_TASK_READY" />
64-->[com.quickblox:quickblox-android-sdk-messages:3.9.5] AndroidManifest.xml:16:17-87
64-->[com.quickblox:quickblox-android-sdk-messages:3.9.5] AndroidManifest.xml:16:25-84
65            </intent-filter>
66        </service>
67        <service
67-->[com.quickblox:quickblox-android-sdk-messages:3.9.5] AndroidManifest.xml:19:9-23:19
68            android:name="com.quickblox.messages.services.SubscribeService"
68-->[com.quickblox:quickblox-android-sdk-messages:3.9.5] AndroidManifest.xml:20:13-76
69            android:exported="false"
69-->[com.quickblox:quickblox-android-sdk-messages:3.9.5] AndroidManifest.xml:21:13-37
70            android:permission="android.permission.BIND_JOB_SERVICE" >
70-->[com.quickblox:quickblox-android-sdk-messages:3.9.5] AndroidManifest.xml:22:13-69
71        </service>
72        <!--
73             FirebaseMessagingService performs security checks at runtime,
74             no need for explicit permissions despite exported="true"
75        -->
76        <service
76-->[com.google.firebase:firebase-messaging:17.3.3] AndroidManifest.xml:28:9-34:19
77            android:name="com.google.firebase.messaging.FirebaseMessagingService"
77-->[com.google.firebase:firebase-messaging:17.3.3] AndroidManifest.xml:29:13-82
78            android:exported="true" >
78-->[com.google.firebase:firebase-messaging:17.3.3] AndroidManifest.xml:30:13-36
79            <intent-filter android:priority="-500" >
79-->[com.google.firebase:firebase-messaging:17.3.3] AndroidManifest.xml:31:13-33:29
79-->[com.google.firebase:firebase-messaging:17.3.3] AndroidManifest.xml:31:28-51
80                <action android:name="com.google.firebase.MESSAGING_EVENT" />
80-->[com.google.firebase:firebase-messaging:17.3.3] AndroidManifest.xml:32:17-78
80-->[com.google.firebase:firebase-messaging:17.3.3] AndroidManifest.xml:32:25-75
81            </intent-filter>
82        </service>
83        <service
83-->[com.google.firebase:firebase-iid:17.0.3] AndroidManifest.xml:29:9-35:19
84            android:name="com.google.firebase.components.ComponentDiscoveryService"
84-->[com.google.firebase:firebase-iid:17.0.3] AndroidManifest.xml:30:13-84
85            android:exported="false" >
85-->[com.google.firebase:firebase-iid:17.0.3] AndroidManifest.xml:31:13-37
86            <meta-data
86-->[com.google.firebase:firebase-iid:17.0.3] AndroidManifest.xml:32:13-34:85
87                android:name="com.google.firebase.components:com.google.firebase.iid.Registrar"
87-->[com.google.firebase:firebase-iid:17.0.3] AndroidManifest.xml:33:17-96
88                android:value="com.google.firebase.components.ComponentRegistrar" />
88-->[com.google.firebase:firebase-iid:17.0.3] AndroidManifest.xml:34:17-82
89        </service>
90
91        <receiver
91-->[com.google.firebase:firebase-iid:17.0.3] AndroidManifest.xml:37:9-44:20
92            android:name="com.google.firebase.iid.FirebaseInstanceIdReceiver"
92-->[com.google.firebase:firebase-iid:17.0.3] AndroidManifest.xml:38:13-78
93            android:exported="true"
93-->[com.google.firebase:firebase-iid:17.0.3] AndroidManifest.xml:39:13-36
94            android:permission="com.google.android.c2dm.permission.SEND" >
94-->[com.google.firebase:firebase-iid:17.0.3] AndroidManifest.xml:40:13-73
95            <intent-filter>
95-->[com.google.firebase:firebase-iid:17.0.3] AndroidManifest.xml:41:13-43:29
96                <action android:name="com.google.android.c2dm.intent.RECEIVE" />
96-->[com.google.firebase:firebase-iid:17.0.3] AndroidManifest.xml:42:17-81
96-->[com.google.firebase:firebase-iid:17.0.3] AndroidManifest.xml:42:25-78
97            </intent-filter>
98        </receiver>
99        <!--
100             FirebaseInstanceIdService performs security checks at runtime,
101             no need for explicit permissions despite exported="true"
102        -->
103        <service
103-->[com.google.firebase:firebase-iid:17.0.3] AndroidManifest.xml:50:9-56:19
104            android:name="com.google.firebase.iid.FirebaseInstanceIdService"
104-->[com.google.firebase:firebase-iid:17.0.3] AndroidManifest.xml:51:13-77
105            android:exported="true" >
105-->[com.google.firebase:firebase-iid:17.0.3] AndroidManifest.xml:52:13-36
106            <intent-filter android:priority="-500" >
106-->[com.google.firebase:firebase-iid:17.0.3] AndroidManifest.xml:53:13-55:29
106-->[com.google.firebase:firebase-iid:17.0.3] AndroidManifest.xml:53:28-51
107                <action android:name="com.google.firebase.INSTANCE_ID_EVENT" />
107-->[com.google.firebase:firebase-iid:17.0.3] AndroidManifest.xml:54:17-80
107-->[com.google.firebase:firebase-iid:17.0.3] AndroidManifest.xml:54:25-77
108            </intent-filter>
109        </service>
110
111        <provider
111-->[com.google.firebase:firebase-common:16.0.3] AndroidManifest.xml:10:9-14:39
112            android:name="com.google.firebase.provider.FirebaseInitProvider"
112-->[com.google.firebase:firebase-common:16.0.3] AndroidManifest.xml:11:13-77
113            android:authorities="com.appmedic.firebaseinitprovider"
113-->[com.google.firebase:firebase-common:16.0.3] AndroidManifest.xml:12:13-72
114            android:exported="false"
114-->[com.google.firebase:firebase-common:16.0.3] AndroidManifest.xml:13:13-37
115            android:initOrder="100" />
115-->[com.google.firebase:firebase-common:16.0.3] AndroidManifest.xml:14:13-36
116
117        <activity
117-->[com.google.android.gms:play-services-base:16.0.1] AndroidManifest.xml:23:9-26:75
118            android:name="com.google.android.gms.common.api.GoogleApiActivity"
118-->[com.google.android.gms:play-services-base:16.0.1] AndroidManifest.xml:24:13-79
119            android:exported="false"
119-->[com.google.android.gms:play-services-base:16.0.1] AndroidManifest.xml:25:13-37
120            android:theme="@android:style/Theme.Translucent.NoTitleBar" />
120-->[com.google.android.gms:play-services-base:16.0.1] AndroidManifest.xml:26:13-72
121
122        <meta-data
122-->[com.google.android.gms:play-services-basement:16.0.1] AndroidManifest.xml:23:9-25:69
123            android:name="com.google.android.gms.version"
123-->[com.google.android.gms:play-services-basement:16.0.1] AndroidManifest.xml:24:13-58
124            android:value="@integer/google_play_services_version" />
124-->[com.google.android.gms:play-services-basement:16.0.1] AndroidManifest.xml:25:13-66
125    </application>
126
127</manifest>